<?xml version="1.0" encoding="UTF-8"?>
<!-- Generated by org.testng.reporters.JUnitXMLReporter -->
<testsuite hostname="M2B-L-6Z40NW2" ignored="0" name="Test" tests="1" failures="0" timestamp="12 Nov 2020 11:46:12 GMT" time="3.877" errors="0">
  <testcase name="@BeforeClass before" time="3.182" classname="com.salesforce.automation.test.LeadPageTest">
    <failure type="org.openqa.selenium.SessionNotCreatedException" message="session not created: This version of ChromeDriver only supports Chrome version 84
Build info: version: &amp;apos;3.14.0&amp;apos;, revision: &amp;apos;aacccce0&amp;apos;, time: &amp;apos;2018-08-02T20:19:58.91Z&amp;apos;
System info: host: &amp;apos;M2B-L-6Z40NW2&amp;apos;, ip: &amp;apos;192.168.0.105&amp;apos;, os.name: &amp;apos;Windows 10&amp;apos;, os.arch: &amp;apos;amd64&amp;apos;, os.version: &amp;apos;10.0&amp;apos;, java.version: &amp;apos;1.8.0_251&amp;apos;
Driver info: driver.version: ChromeDriver
remote stacktrace: Backtrace:
	Ordinal0 [0x011887E3+2852835]
	Ordinal0 [0x01075BB1+1727409]
	Ordinal0 [0x00F4E4B9+517305]
	Ordinal0 [0x00EE0BA0+68512]
	Ordinal0 [0x00EDD3A0+54176]
	Ordinal0 [0x00EFD9F7+186871]
	Ordinal0 [0x00EFD7FD+186365]
	Ordinal0 [0x00EFB70B+177931]
	Ordinal0 [0x00EE2584+75140]
	Ordinal0 [0x00EE3650+79440]
	Ordinal0 [0x00EE35E9+79337]
	Ordinal0 [0x0108AD5C+1813852]
	GetHandleVerifier [0x012AC616+1075574]
	GetHandleVerifier [0x012AC367+1074887]
	GetHandleVerifier [0x012B7497+1120247]
	GetHandleVerifier [0x012ACC16+1077110]
	Ordinal0 [0x01083206+1782278]
	Ordinal0 [0x0108C3BB+1819579]
	Ordinal0 [0x0108C523+1819939]
	Ordinal0 [0x010A2B45+1911621]
	BaseThreadInitThunk [0x75BC6359+25]
	RtlGetAppContainerNamedObjectPath [0x77407C24+228]
	RtlGetAppContainerNamedObjectPath [0x77407BF4+180]
">
      <![CDATA[org.openqa.selenium.SessionNotCreatedException: session not created: This version of ChromeDriver only supports Chrome version 84
Build info: version: '3.14.0', revision: 'aacccce0', time: '2018-08-02T20:19:58.91Z'
System info: host: 'M2B-L-6Z40NW2', ip: '192.168.0.105', os.name: 'Windows 10', os.arch: 'amd64', os.version: '10.0', java.version: '1.8.0_251'
Driver info: driver.version: ChromeDriver
remote stacktrace: Backtrace:
	Ordinal0 [0x011887E3+2852835]
	Ordinal0 [0x01075BB1+1727409]
	Ordinal0 [0x00F4E4B9+517305]
	Ordinal0 [0x00EE0BA0+68512]
	Ordinal0 [0x00EDD3A0+54176]
	Ordinal0 [0x00EFD9F7+186871]
	Ordinal0 [0x00EFD7FD+186365]
	Ordinal0 [0x00EFB70B+177931]
	Ordinal0 [0x00EE2584+75140]
	Ordinal0 [0x00EE3650+79440]
	Ordinal0 [0x00EE35E9+79337]
	Ordinal0 [0x0108AD5C+1813852]
	GetHandleVerifier [0x012AC616+1075574]
	GetHandleVerifier [0x012AC367+1074887]
	GetHandleVerifier [0x012B7497+1120247]
	GetHandleVerifier [0x012ACC16+1077110]
	Ordinal0 [0x01083206+1782278]
	Ordinal0 [0x0108C3BB+1819579]
	Ordinal0 [0x0108C523+1819939]
	Ordinal0 [0x010A2B45+1911621]
	BaseThreadInitThunk [0x75BC6359+25]
	RtlGetAppContainerNamedObjectPath [0x77407C24+228]
	RtlGetAppContainerNamedObjectPath [0x77407BF4+180]

	at org.openqa.selenium.remote.W3CHandshakeResponse.lambda$new$0(W3CHandshakeResponse.java:57)
	at org.openqa.selenium.remote.W3CHandshakeResponse.lambda$getResponseFunction$2(W3CHandshakeResponse.java:104)
	at org.openqa.selenium.remote.ProtocolHandshake.lambda$createSession$0(ProtocolHandshake.java:122)
	at java.util.stream.ReferencePipeline$3$1.accept(Unknown Source)
	at java.util.Spliterators$ArraySpliterator.tryAdvance(Unknown Source)
	at java.util.stream.ReferencePipeline.forEachWithCancel(Unknown Source)
	at java.util.stream.AbstractPipeline.copyIntoWithCancel(Unknown Source)
	at java.util.stream.AbstractPipeline.copyInto(Unknown Source)
	at java.util.stream.AbstractPipeline.wrapAndCopyInto(Unknown Source)
	at java.util.stream.FindOps$FindOp.evaluateSequential(Unknown Source)
	at java.util.stream.AbstractPipeline.evaluate(Unknown Source)
	at java.util.stream.ReferencePipeline.findFirst(Unknown Source)
	at org.openqa.selenium.remote.ProtocolHandshake.createSession(ProtocolHandshake.java:125)
	at org.openqa.selenium.remote.ProtocolHandshake.createSession(ProtocolHandshake.java:73)
	at org.openqa.selenium.remote.HttpCommandExecutor.execute(HttpCommandExecutor.java:136)
	at org.openqa.selenium.remote.service.DriverCommandExecutor.execute(DriverCommandExecutor.java:83)
	at org.openqa.selenium.remote.RemoteWebDriver.execute(RemoteWebDriver.java:548)
	at org.openqa.selenium.remote.RemoteWebDriver.startSession(RemoteWebDriver.java:212)
	at org.openqa.selenium.remote.RemoteWebDriver.<init>(RemoteWebDriver.java:130)
	at org.openqa.selenium.chrome.ChromeDriver.<init>(ChromeDriver.java:181)
	at org.openqa.selenium.chrome.ChromeDriver.<init>(ChromeDriver.java:168)
	at org.openqa.selenium.chrome.ChromeDriver.<init>(ChromeDriver.java:157)
	at com.salesforce.automation.test.LeadPageTest.before(LeadPageTest.java:97)
... Removed 29 stack frames]]>
    </failure>
  </testcase> <!-- @BeforeClass before -->
  <testcase name="@BeforeMethod BeforeMethod" time="0.0" classname="com.salesforce.automation.test.LeadPageTest">
    <skipped/>
  </testcase> <!-- @BeforeMethod BeforeMethod -->
  <testcase name="@AfterClass afterAll" time="0.0" classname="com.salesforce.automation.test.LeadPageTest">
    <skipped/>
  </testcase> <!-- @AfterClass afterAll -->
  <testcase name="unknown" time="0.001" classname="com.salesforce.automation.test.LeadPageTest">
    <skipped/>
  </testcase> <!-- unknown -->
</testsuite> <!-- Test -->
