<?xml version="1.0" encoding="UTF-8"?>
<!-- Generated by org.testng.reporters.JUnitReportReporter -->
<testsuite skipped="1" hostname="M2B-L-6Z40NW2" name="com.salesforce.automation.test.LeadPageTest" tests="2" failures="0" timestamp="19 Nov 2020 06:00:49 GMT" time="4.214" errors="1">
  <testcase name="test_LeadPage" time="0.000" classname="com.salesforce.automation.test.LeadPageTest">
    <skipped/>
  </testcase> <!-- test_LeadPage -->
  <testcase name="before" time="4.214" classname="com.salesforce.automation.test.LeadPageTest">
    <error type="org.openqa.selenium.SessionNotCreatedException" message="session not created: This version of ChromeDriver only supports Chrome version 84
Build info: version: &#039;3.14.0&#039;, revision: &#039;aacccce0&#039;, time: &#039;2018-08-02T20:19:58.91Z&#039;
System info: host: &#039;M2B-L-6Z40NW2&#039;, ip: &#039;192.168.0.101&#039;, os.name: &#039;Windows 10&#039;, os.arch: &#039;amd64&#039;, os.version: &#039;10.0&#039;, java.version: &#039;1.8.0_251&#039;
Driver info: driver.version: ChromeDriver
remote stacktrace: Backtrace:
	Ordinal0 [0x006A87E3+2852835]
	Ordinal0 [0x00595BB1+1727409]
	Ordinal0 [0x0046E4B9+517305]
	Ordinal0 [0x00400BA0+68512]
	Ordinal0 [0x003FD3A0+54176]
	Ordinal0 [0x0041D9F7+186871]
	Ordinal0 [0x0041D7FD+186365]
	Ordinal0 [0x0041B70B+177931]
	Ordinal0 [0x00402584+75140]
	Ordinal0 [0x00403650+79440]
	Ordinal0 [0x004035E9+79337]
	Ordinal0 [0x005AAD5C+1813852]
	GetHandleVerifier [0x007CC616+1075574]
	GetHandleVerifier [0x007CC367+1074887]
	GetHandleVerifier [0x007D7497+1120247]
	GetHandleVerifier [0x007CCC16+1077110]
	Ordinal0 [0x005A3206+1782278]
	Ordinal0 [0x005AC3BB+1819579]
	Ordinal0 [0x005AC523+1819939]
	Ordinal0 [0x005C2B45+1911621]
	BaseThreadInitThunk [0x76316359+25]
	RtlGetAppContainerNamedObjectPath [0x770C8944+228]
	RtlGetAppContainerNamedObjectPath [0x770C8914+180]
">
      <![CDATA[org.openqa.selenium.SessionNotCreatedException: session not created: This version of ChromeDriver only supports Chrome version 84
Build info: version: '3.14.0', revision: 'aacccce0', time: '2018-08-02T20:19:58.91Z'
System info: host: 'M2B-L-6Z40NW2', ip: '192.168.0.101', os.name: 'Windows 10', os.arch: 'amd64', os.version: '10.0', java.version: '1.8.0_251'
Driver info: driver.version: ChromeDriver
remote stacktrace: Backtrace:
	Ordinal0 [0x006A87E3+2852835]
	Ordinal0 [0x00595BB1+1727409]
	Ordinal0 [0x0046E4B9+517305]
	Ordinal0 [0x00400BA0+68512]
	Ordinal0 [0x003FD3A0+54176]
	Ordinal0 [0x0041D9F7+186871]
	Ordinal0 [0x0041D7FD+186365]
	Ordinal0 [0x0041B70B+177931]
	Ordinal0 [0x00402584+75140]
	Ordinal0 [0x00403650+79440]
	Ordinal0 [0x004035E9+79337]
	Ordinal0 [0x005AAD5C+1813852]
	GetHandleVerifier [0x007CC616+1075574]
	GetHandleVerifier [0x007CC367+1074887]
	GetHandleVerifier [0x007D7497+1120247]
	GetHandleVerifier [0x007CCC16+1077110]
	Ordinal0 [0x005A3206+1782278]
	Ordinal0 [0x005AC3BB+1819579]
	Ordinal0 [0x005AC523+1819939]
	Ordinal0 [0x005C2B45+1911621]
	BaseThreadInitThunk [0x76316359+25]
	RtlGetAppContainerNamedObjectPath [0x770C8944+228]
	RtlGetAppContainerNamedObjectPath [0x770C8914+180]

	at sun.reflect.NativeConstructorAccessorImpl.newInstance0(Native Method)
	at sun.reflect.NativeConstructorAccessorImpl.newInstance(Unknown Source)
	at sun.reflect.DelegatingConstructorAccessorImpl.newInstance(Unknown Source)
	at java.lang.reflect.Constructor.newInstance(Unknown Source)
	at org.openqa.selenium.remote.W3CHandshakeResponse.lambda$new$0(W3CHandshakeResponse.java:57)
	at org.openqa.selenium.remote.W3CHandshakeResponse.lambda$getResponseFunction$2(W3CHandshakeResponse.java:104)
	at org.openqa.selenium.remote.ProtocolHandshake.lambda$createSession$0(ProtocolHandshake.java:122)
	at java.util.stream.ReferencePipeline$3$1.accept(Unknown Source)
	at java.util.Spliterators$ArraySpliterator.tryAdvance(Unknown Source)
	at java.util.stream.ReferencePipeline.forEachWithCancel(Unknown Source)
	at java.util.stream.AbstractPipeline.copyIntoWithCancel(Unknown Source)
	at java.util.stream.AbstractPipeline.copyInto(Unknown Source)
	at java.util.stream.AbstractPipeline.wrapAndCopyInto(Unknown Source)
	at java.util.stream.FindOps$FindOp.evaluateSequential(Unknown Source)
	at java.util.stream.AbstractPipeline.evaluate(Unknown Source)
	at java.util.stream.ReferencePipeline.findFirst(Unknown Source)
	at org.openqa.selenium.remote.ProtocolHandshake.createSession(ProtocolHandshake.java:125)
	at org.openqa.selenium.remote.ProtocolHandshake.createSession(ProtocolHandshake.java:73)
	at org.openqa.selenium.remote.HttpCommandExecutor.execute(HttpCommandExecutor.java:136)
	at org.openqa.selenium.remote.service.DriverCommandExecutor.execute(DriverCommandExecutor.java:83)
	at org.openqa.selenium.remote.RemoteWebDriver.execute(RemoteWebDriver.java:548)
	at org.openqa.selenium.remote.RemoteWebDriver.startSession(RemoteWebDriver.java:212)
	at org.openqa.selenium.remote.RemoteWebDriver.<init>(RemoteWebDriver.java:130)
	at org.openqa.selenium.chrome.ChromeDriver.<init>(ChromeDriver.java:181)
	at org.openqa.selenium.chrome.ChromeDriver.<init>(ChromeDriver.java:168)
	at org.openqa.selenium.chrome.ChromeDriver.<init>(ChromeDriver.java:157)
	at com.salesforce.automation.test.LeadPageTest.before(LeadPageTest.java:97)
	at sun.reflect.NativeMethodAccessorImpl.invoke0(Native Method)
	at sun.reflect.NativeMethodAccessorImpl.invoke(Unknown Source)
	at sun.reflect.DelegatingMethodAccessorImpl.invoke(Unknown Source)
	at java.lang.reflect.Method.invoke(Unknown Source)
	at org.testng.internal.MethodInvocationHelper.invokeMethod(MethodInvocationHelper.java:108)
	at org.testng.internal.Invoker.invokeConfigurationMethod(Invoker.java:523)
	at org.testng.internal.Invoker.invokeConfigurations(Invoker.java:224)
	at org.testng.internal.Invoker.invokeConfigurations(Invoker.java:146)
	at org.testng.internal.TestMethodWorker.invokeBeforeClassMethods(TestMethodWorker.java:166)
	at org.testng.internal.TestMethodWorker.run(TestMethodWorker.java:105)
	at org.testng.TestRunner.privateRun(TestRunner.java:744)
	at org.testng.TestRunner.run(TestRunner.java:602)
	at org.testng.SuiteRunner.runTest(SuiteRunner.java:380)
	at org.testng.SuiteRunner.runSequentially(SuiteRunner.java:375)
	at org.testng.SuiteRunner.privateRun(SuiteRunner.java:340)
	at org.testng.SuiteRunner.run(SuiteRunner.java:289)
	at org.testng.SuiteRunnerWorker.runSuite(SuiteRunnerWorker.java:52)
	at org.testng.SuiteRunnerWorker.run(SuiteRunnerWorker.java:86)
	at org.testng.TestNG.runSuitesSequentially(TestNG.java:1301)
	at org.testng.TestNG.runSuitesLocally(TestNG.java:1226)
	at org.testng.TestNG.runSuites(TestNG.java:1144)
	at org.testng.TestNG.run(TestNG.java:1115)
	at org.testng.remote.AbstractRemoteTestNG.run(AbstractRemoteTestNG.java:114)
	at org.testng.remote.RemoteTestNG.initAndRun(RemoteTestNG.java:251)
	at org.testng.remote.RemoteTestNG.main(RemoteTestNG.java:77)
]]>
    </error>
  </testcase> <!-- before -->
</testsuite> <!-- com.salesforce.automation.test.LeadPageTest -->
