<?xml version="1.0" encoding="UTF-8"?>
<!-- Generated by org.testng.reporters.JUnitReportReporter -->
<testsuite skipped="58" hostname="M2B-L-6Z40NW2" name="com.salesforce.automation.test.CaseDetailsPageTest" tests="59" failures="0" timestamp="03 Jun 2020 05:06:54 GMT" time="2.675" errors="1">
  <testcase name="test_CaseDetailsPage" time="0.000" classname="com.salesforce.automation.test.CaseDetailsPageTest">
    <skipped/>
  </testcase> <!-- test_CaseDetailsPage -->
  <testcase name="test_CaseDetailsPage" time="0.000" classname="com.salesforce.automation.test.CaseDetailsPageTest">
    <skipped/>
  </testcase> <!-- test_CaseDetailsPage -->
  <testcase name="test_CaseDetailsPage" time="0.000" classname="com.salesforce.automation.test.CaseDetailsPageTest">
    <skipped/>
  </testcase> <!-- test_CaseDetailsPage -->
  <testcase name="test_CaseDetailsPage" time="0.000" classname="com.salesforce.automation.test.CaseDetailsPageTest">
    <skipped/>
  </testcase> <!-- test_CaseDetailsPage -->
  <testcase name="test_CaseDetailsPage" time="0.000" classname="com.salesforce.automation.test.CaseDetailsPageTest">
    <skipped/>
  </testcase> <!-- test_CaseDetailsPage -->
  <testcase name="test_CaseDetailsPage" time="0.000" classname="com.salesforce.automation.test.CaseDetailsPageTest">
    <skipped/>
  </testcase> <!-- test_CaseDetailsPage -->
  <testcase name="test_CaseDetailsPage" time="0.000" classname="com.salesforce.automation.test.CaseDetailsPageTest">
    <skipped/>
  </testcase> <!-- test_CaseDetailsPage -->
  <testcase name="test_CaseDetailsPage" time="0.000" classname="com.salesforce.automation.test.CaseDetailsPageTest">
    <skipped/>
  </testcase> <!-- test_CaseDetailsPage -->
  <testcase name="test_CaseDetailsPage" time="0.000" classname="com.salesforce.automation.test.CaseDetailsPageTest">
    <skipped/>
  </testcase> <!-- test_CaseDetailsPage -->
  <testcase name="test_CaseDetailsPage" time="0.001" classname="com.salesforce.automation.test.CaseDetailsPageTest">
    <skipped/>
  </testcase> <!-- test_CaseDetailsPage -->
  <testcase name="test_CaseDetailsPage" time="0.000" classname="com.salesforce.automation.test.CaseDetailsPageTest">
    <skipped/>
  </testcase> <!-- test_CaseDetailsPage -->
  <testcase name="test_CaseDetailsPage" time="0.000" classname="com.salesforce.automation.test.CaseDetailsPageTest">
    <skipped/>
  </testcase> <!-- test_CaseDetailsPage -->
  <testcase name="test_CaseDetailsPage" time="0.000" classname="com.salesforce.automation.test.CaseDetailsPageTest">
    <skipped/>
  </testcase> <!-- test_CaseDetailsPage -->
  <testcase name="test_CaseDetailsPage" time="0.000" classname="com.salesforce.automation.test.CaseDetailsPageTest">
    <skipped/>
  </testcase> <!-- test_CaseDetailsPage -->
  <testcase name="test_CaseDetailsPage" time="0.000" classname="com.salesforce.automation.test.CaseDetailsPageTest">
    <skipped/>
  </testcase> <!-- test_CaseDetailsPage -->
  <testcase name="test_CaseDetailsPage" time="0.000" classname="com.salesforce.automation.test.CaseDetailsPageTest">
    <skipped/>
  </testcase> <!-- test_CaseDetailsPage -->
  <testcase name="test_CaseDetailsPage" time="0.000" classname="com.salesforce.automation.test.CaseDetailsPageTest">
    <skipped/>
  </testcase> <!-- test_CaseDetailsPage -->
  <testcase name="test_CaseDetailsPage" time="0.000" classname="com.salesforce.automation.test.CaseDetailsPageTest">
    <skipped/>
  </testcase> <!-- test_CaseDetailsPage -->
  <testcase name="test_CaseDetailsPage" time="0.000" classname="com.salesforce.automation.test.CaseDetailsPageTest">
    <skipped/>
  </testcase> <!-- test_CaseDetailsPage -->
  <testcase name="test_CaseDetailsPage" time="0.000" classname="com.salesforce.automation.test.CaseDetailsPageTest">
    <skipped/>
  </testcase> <!-- test_CaseDetailsPage -->
  <testcase name="test_CaseDetailsPage" time="0.000" classname="com.salesforce.automation.test.CaseDetailsPageTest">
    <skipped/>
  </testcase> <!-- test_CaseDetailsPage -->
  <testcase name="test_CaseDetailsPage" time="0.000" classname="com.salesforce.automation.test.CaseDetailsPageTest">
    <skipped/>
  </testcase> <!-- test_CaseDetailsPage -->
  <testcase name="test_CaseDetailsPage" time="0.000" classname="com.salesforce.automation.test.CaseDetailsPageTest">
    <skipped/>
  </testcase> <!-- test_CaseDetailsPage -->
  <testcase name="test_CaseDetailsPage" time="0.000" classname="com.salesforce.automation.test.CaseDetailsPageTest">
    <skipped/>
  </testcase> <!-- test_CaseDetailsPage -->
  <testcase name="test_CaseDetailsPage" time="0.000" classname="com.salesforce.automation.test.CaseDetailsPageTest">
    <skipped/>
  </testcase> <!-- test_CaseDetailsPage -->
  <testcase name="test_CaseDetailsPage" time="0.000" classname="com.salesforce.automation.test.CaseDetailsPageTest">
    <skipped/>
  </testcase> <!-- test_CaseDetailsPage -->
  <testcase name="test_CaseDetailsPage" time="0.000" classname="com.salesforce.automation.test.CaseDetailsPageTest">
    <skipped/>
  </testcase> <!-- test_CaseDetailsPage -->
  <testcase name="test_CaseDetailsPage" time="0.000" classname="com.salesforce.automation.test.CaseDetailsPageTest">
    <skipped/>
  </testcase> <!-- test_CaseDetailsPage -->
  <testcase name="test_CaseDetailsPage" time="0.001" classname="com.salesforce.automation.test.CaseDetailsPageTest">
    <skipped/>
  </testcase> <!-- test_CaseDetailsPage -->
  <testcase name="test_CaseDetailsPage" time="0.000" classname="com.salesforce.automation.test.CaseDetailsPageTest">
    <skipped/>
  </testcase> <!-- test_CaseDetailsPage -->
  <testcase name="test_CaseDetailsPage" time="0.000" classname="com.salesforce.automation.test.CaseDetailsPageTest">
    <skipped/>
  </testcase> <!-- test_CaseDetailsPage -->
  <testcase name="test_CaseDetailsPage" time="0.000" classname="com.salesforce.automation.test.CaseDetailsPageTest">
    <skipped/>
  </testcase> <!-- test_CaseDetailsPage -->
  <testcase name="test_CaseDetailsPage" time="0.000" classname="com.salesforce.automation.test.CaseDetailsPageTest">
    <skipped/>
  </testcase> <!-- test_CaseDetailsPage -->
  <testcase name="test_CaseDetailsPage" time="0.000" classname="com.salesforce.automation.test.CaseDetailsPageTest">
    <skipped/>
  </testcase> <!-- test_CaseDetailsPage -->
  <testcase name="test_CaseDetailsPage" time="0.000" classname="com.salesforce.automation.test.CaseDetailsPageTest">
    <skipped/>
  </testcase> <!-- test_CaseDetailsPage -->
  <testcase name="test_CaseDetailsPage" time="0.000" classname="com.salesforce.automation.test.CaseDetailsPageTest">
    <skipped/>
  </testcase> <!-- test_CaseDetailsPage -->
  <testcase name="test_CaseDetailsPage" time="0.000" classname="com.salesforce.automation.test.CaseDetailsPageTest">
    <skipped/>
  </testcase> <!-- test_CaseDetailsPage -->
  <testcase name="test_CaseDetailsPage" time="0.000" classname="com.salesforce.automation.test.CaseDetailsPageTest">
    <skipped/>
  </testcase> <!-- test_CaseDetailsPage -->
  <testcase name="test_CaseDetailsPage" time="0.000" classname="com.salesforce.automation.test.CaseDetailsPageTest">
    <skipped/>
  </testcase> <!-- test_CaseDetailsPage -->
  <testcase name="test_CaseDetailsPage" time="0.000" classname="com.salesforce.automation.test.CaseDetailsPageTest">
    <skipped/>
  </testcase> <!-- test_CaseDetailsPage -->
  <testcase name="test_CaseDetailsPage" time="0.000" classname="com.salesforce.automation.test.CaseDetailsPageTest">
    <skipped/>
  </testcase> <!-- test_CaseDetailsPage -->
  <testcase name="test_CaseDetailsPage" time="0.000" classname="com.salesforce.automation.test.CaseDetailsPageTest">
    <skipped/>
  </testcase> <!-- test_CaseDetailsPage -->
  <testcase name="test_CaseDetailsPage" time="0.000" classname="com.salesforce.automation.test.CaseDetailsPageTest">
    <skipped/>
  </testcase> <!-- test_CaseDetailsPage -->
  <testcase name="test_CaseDetailsPage" time="0.000" classname="com.salesforce.automation.test.CaseDetailsPageTest">
    <skipped/>
  </testcase> <!-- test_CaseDetailsPage -->
  <testcase name="test_CaseDetailsPage" time="0.000" classname="com.salesforce.automation.test.CaseDetailsPageTest">
    <skipped/>
  </testcase> <!-- test_CaseDetailsPage -->
  <testcase name="test_CaseDetailsPage" time="0.000" classname="com.salesforce.automation.test.CaseDetailsPageTest">
    <skipped/>
  </testcase> <!-- test_CaseDetailsPage -->
  <testcase name="test_CaseDetailsPage" time="0.000" classname="com.salesforce.automation.test.CaseDetailsPageTest">
    <skipped/>
  </testcase> <!-- test_CaseDetailsPage -->
  <testcase name="test_CaseDetailsPage" time="0.000" classname="com.salesforce.automation.test.CaseDetailsPageTest">
    <skipped/>
  </testcase> <!-- test_CaseDetailsPage -->
  <testcase name="test_CaseDetailsPage" time="0.000" classname="com.salesforce.automation.test.CaseDetailsPageTest">
    <skipped/>
  </testcase> <!-- test_CaseDetailsPage -->
  <testcase name="test_CaseDetailsPage" time="0.000" classname="com.salesforce.automation.test.CaseDetailsPageTest">
    <skipped/>
  </testcase> <!-- test_CaseDetailsPage -->
  <testcase name="test_CaseDetailsPage" time="0.000" classname="com.salesforce.automation.test.CaseDetailsPageTest">
    <skipped/>
  </testcase> <!-- test_CaseDetailsPage -->
  <testcase name="test_CaseDetailsPage" time="0.000" classname="com.salesforce.automation.test.CaseDetailsPageTest">
    <skipped/>
  </testcase> <!-- test_CaseDetailsPage -->
  <testcase name="test_CaseDetailsPage" time="0.000" classname="com.salesforce.automation.test.CaseDetailsPageTest">
    <skipped/>
  </testcase> <!-- test_CaseDetailsPage -->
  <testcase name="test_CaseDetailsPage" time="0.000" classname="com.salesforce.automation.test.CaseDetailsPageTest">
    <skipped/>
  </testcase> <!-- test_CaseDetailsPage -->
  <testcase name="test_CaseDetailsPage" time="0.000" classname="com.salesforce.automation.test.CaseDetailsPageTest">
    <skipped/>
  </testcase> <!-- test_CaseDetailsPage -->
  <testcase name="test_CaseDetailsPage" time="0.000" classname="com.salesforce.automation.test.CaseDetailsPageTest">
    <skipped/>
  </testcase> <!-- test_CaseDetailsPage -->
  <testcase name="test_CaseDetailsPage" time="0.000" classname="com.salesforce.automation.test.CaseDetailsPageTest">
    <skipped/>
  </testcase> <!-- test_CaseDetailsPage -->
  <testcase name="before" time="2.673" classname="com.salesforce.automation.test.CaseDetailsPageTest">
    <error type="org.openqa.selenium.SessionNotCreatedException" message="session not created: This version of ChromeDriver only supports Chrome version 76
Build info: version: &#039;3.14.0&#039;, revision: &#039;aacccce0&#039;, time: &#039;2018-08-02T20:19:58.91Z&#039;
System info: host: &#039;M2B-L-6Z40NW2&#039;, ip: &#039;192.168.43.25&#039;, os.name: &#039;Windows 10&#039;, os.arch: &#039;amd64&#039;, os.version: &#039;10.0&#039;, java.version: &#039;1.8.0_251&#039;
Driver info: driver.version: ChromeDriver
remote stacktrace: Backtrace:
	Ordinal0 [0x00E67C93+1473683]
	Ordinal0 [0x00DEADB1+961969]
	Ordinal0 [0x00D742E3+475875]
	Ordinal0 [0x00D0F365+62309]
	Ordinal0 [0x00D0BC77+48247]
	Ordinal0 [0x00D29149+168265]
	Ordinal0 [0x00D28D1D+167197]
	Ordinal0 [0x00D2742B+160811]
	Ordinal0 [0x00D10AE6+68326]
	Ordinal0 [0x00D11BF0+72688]
	Ordinal0 [0x00D11B89+72585]
	Ordinal0 [0x00E04B77+1067895]
	GetHandleVerifier [0x00F06875+506677]
	GetHandleVerifier [0x00F06610+506064]
	GetHandleVerifier [0x00F0D1B8+533624]
	GetHandleVerifier [0x00F0704A+508682]
	Ordinal0 [0x00DFC266+1032806]
	Ordinal0 [0x00DFC0DF+1032415]
	Ordinal0 [0x00E06A8B+1075851]
	Ordinal0 [0x00E06BF3+1076211]
	Ordinal0 [0x00E05BA5+1072037]
	BaseThreadInitThunk [0x76746359+25]
	RtlGetAppContainerNamedObjectPath [0x77EA7B74+228]
	RtlGetAppContainerNamedObjectPath [0x77EA7B44+180]
">
      <![CDATA[org.openqa.selenium.SessionNotCreatedException: session not created: This version of ChromeDriver only supports Chrome version 76
Build info: version: '3.14.0', revision: 'aacccce0', time: '2018-08-02T20:19:58.91Z'
System info: host: 'M2B-L-6Z40NW2', ip: '192.168.43.25', os.name: 'Windows 10', os.arch: 'amd64', os.version: '10.0', java.version: '1.8.0_251'
Driver info: driver.version: ChromeDriver
remote stacktrace: Backtrace:
	Ordinal0 [0x00E67C93+1473683]
	Ordinal0 [0x00DEADB1+961969]
	Ordinal0 [0x00D742E3+475875]
	Ordinal0 [0x00D0F365+62309]
	Ordinal0 [0x00D0BC77+48247]
	Ordinal0 [0x00D29149+168265]
	Ordinal0 [0x00D28D1D+167197]
	Ordinal0 [0x00D2742B+160811]
	Ordinal0 [0x00D10AE6+68326]
	Ordinal0 [0x00D11BF0+72688]
	Ordinal0 [0x00D11B89+72585]
	Ordinal0 [0x00E04B77+1067895]
	GetHandleVerifier [0x00F06875+506677]
	GetHandleVerifier [0x00F06610+506064]
	GetHandleVerifier [0x00F0D1B8+533624]
	GetHandleVerifier [0x00F0704A+508682]
	Ordinal0 [0x00DFC266+1032806]
	Ordinal0 [0x00DFC0DF+1032415]
	Ordinal0 [0x00E06A8B+1075851]
	Ordinal0 [0x00E06BF3+1076211]
	Ordinal0 [0x00E05BA5+1072037]
	BaseThreadInitThunk [0x76746359+25]
	RtlGetAppContainerNamedObjectPath [0x77EA7B74+228]
	RtlGetAppContainerNamedObjectPath [0x77EA7B44+180]

	at sun.reflect.NativeConstructorAccessorImpl.newInstance0(Native Method)
	at sun.reflect.NativeConstructorAccessorImpl.newInstance(Unknown Source)
	at sun.reflect.DelegatingConstructorAccessorImpl.newInstance(Unknown Source)
	at java.lang.reflect.Constructor.newInstance(Unknown Source)
	at org.openqa.selenium.remote.W3CHandshakeResponse.lambda$new$0(W3CHandshakeResponse.java:57)
	at org.openqa.selenium.remote.W3CHandshakeResponse.lambda$getResponseFunction$2(W3CHandshakeResponse.java:104)
	at org.openqa.selenium.remote.ProtocolHandshake.lambda$createSession$0(ProtocolHandshake.java:122)
	at java.util.stream.ReferencePipeline$3$1.accept(Unknown Source)
	at java.util.Spliterators$ArraySpliterator.tryAdvance(Unknown Source)
	at java.util.stream.ReferencePipeline.forEachWithCancel(Unknown Source)
	at java.util.stream.AbstractPipeline.copyIntoWithCancel(Unknown Source)
	at java.util.stream.AbstractPipeline.copyInto(Unknown Source)
	at java.util.stream.AbstractPipeline.wrapAndCopyInto(Unknown Source)
	at java.util.stream.FindOps$FindOp.evaluateSequential(Unknown Source)
	at java.util.stream.AbstractPipeline.evaluate(Unknown Source)
	at java.util.stream.ReferencePipeline.findFirst(Unknown Source)
	at org.openqa.selenium.remote.ProtocolHandshake.createSession(ProtocolHandshake.java:125)
	at org.openqa.selenium.remote.ProtocolHandshake.createSession(ProtocolHandshake.java:73)
	at org.openqa.selenium.remote.HttpCommandExecutor.execute(HttpCommandExecutor.java:136)
	at org.openqa.selenium.remote.service.DriverCommandExecutor.execute(DriverCommandExecutor.java:83)
	at org.openqa.selenium.remote.RemoteWebDriver.execute(RemoteWebDriver.java:548)
	at org.openqa.selenium.remote.RemoteWebDriver.startSession(RemoteWebDriver.java:212)
	at org.openqa.selenium.remote.RemoteWebDriver.<init>(RemoteWebDriver.java:130)
	at org.openqa.selenium.chrome.ChromeDriver.<init>(ChromeDriver.java:181)
	at org.openqa.selenium.chrome.ChromeDriver.<init>(ChromeDriver.java:168)
	at org.openqa.selenium.chrome.ChromeDriver.<init>(ChromeDriver.java:157)
	at com.salesforce.automation.test.CaseDetailsPageTest.before(CaseDetailsPageTest.java:83)
	at sun.reflect.NativeMethodAccessorImpl.invoke0(Native Method)
	at sun.reflect.NativeMethodAccessorImpl.invoke(Unknown Source)
	at sun.reflect.DelegatingMethodAccessorImpl.invoke(Unknown Source)
	at java.lang.reflect.Method.invoke(Unknown Source)
	at org.testng.internal.MethodInvocationHelper.invokeMethod(MethodInvocationHelper.java:108)
	at org.testng.internal.Invoker.invokeConfigurationMethod(Invoker.java:523)
	at org.testng.internal.Invoker.invokeConfigurations(Invoker.java:224)
	at org.testng.internal.Invoker.invokeConfigurations(Invoker.java:146)
	at org.testng.internal.TestMethodWorker.invokeBeforeClassMethods(TestMethodWorker.java:166)
	at org.testng.internal.TestMethodWorker.run(TestMethodWorker.java:105)
	at org.testng.TestRunner.privateRun(TestRunner.java:744)
	at org.testng.TestRunner.run(TestRunner.java:602)
	at org.testng.SuiteRunner.runTest(SuiteRunner.java:380)
	at org.testng.SuiteRunner.runSequentially(SuiteRunner.java:375)
	at org.testng.SuiteRunner.privateRun(SuiteRunner.java:340)
	at org.testng.SuiteRunner.run(SuiteRunner.java:289)
	at org.testng.SuiteRunnerWorker.runSuite(SuiteRunnerWorker.java:52)
	at org.testng.SuiteRunnerWorker.run(SuiteRunnerWorker.java:86)
	at org.testng.TestNG.runSuitesSequentially(TestNG.java:1301)
	at org.testng.TestNG.runSuitesLocally(TestNG.java:1226)
	at org.testng.TestNG.runSuites(TestNG.java:1144)
	at org.testng.TestNG.run(TestNG.java:1115)
	at org.testng.remote.AbstractRemoteTestNG.run(AbstractRemoteTestNG.java:114)
	at org.testng.remote.RemoteTestNG.initAndRun(RemoteTestNG.java:251)
	at org.testng.remote.RemoteTestNG.main(RemoteTestNG.java:77)
]]>
    </error>
  </testcase> <!-- before -->
  <testcase name="test_CaseDetailsPage" time="0.000" classname="com.salesforce.automation.test.CaseDetailsPageTest">
    <skipped/>
  </testcase> <!-- test_CaseDetailsPage -->
</testsuite> <!-- com.salesforce.automation.test.CaseDetailsPageTest -->
